<?xml version="1.0" encoding="UTF-8"?>
<!-- Generated by org.testng.reporters.JUnitXMLReporter -->
<testsuite ignored="0" hostname="DESKTOP-GURU-NATIKAR" failures="0" tests="1" name="Test-Runner-Chrome" time="11.113" errors="0" timestamp="2025-03-05T15:58:20 IST">
  <testcase classname="InventoryTest.AddlowestPriceTocart" name="tc_002_addlowestPriceProductTocart" time="2.711"/>
</testsuite> <!-- Test-Runner-Chrome -->
