<?xml version="1.0" encoding="UTF-8"?>
<!-- Generated by org.testng.reporters.JUnitXMLReporter -->
<testsuite ignored="0" hostname="DESKTOP-GURU-NATIKAR" failures="0" tests="1" name="Test-Runner-Edge" time="13.482" errors="0" timestamp="2025-03-05T15:58:22 IST">
  <testcase classname="InventoryTest.AddPrpoductTocartTest" name="tc_001_addproductToCart" time="0.664"/>
</testsuite> <!-- Test-Runner-Edge -->
