<?xml version="1.0" encoding="UTF-8"?>
<!-- Generated by org.testng.reporters.JUnitXMLReporter -->
<testsuite ignored="0" hostname="DESKTOP-GURU-NATIKAR" failures="0" tests="2" name="Test-Runner-1" time="14.13" errors="0" timestamp="2025-03-20T01:11:57 IST">
  <testcase classname="InventoryTest.AddPrpoductTocartTest" name="Preactise" time="0.023"/>
  <testcase classname="InventoryTest.AddPrpoductTocartTest" name="tc_001_addproductToCart" time="0.52"/>
</testsuite> <!-- Test-Runner-1 -->
