<?xml version="1.0" encoding="UTF-8"?>
<!-- Generated by org.testng.reporters.JUnitXMLReporter -->
<testsuite ignored="0" hostname="DESKTOP-GURU-NATIKAR" failures="0" tests="1" name="Test-Runner-2" time="14.175" errors="0" timestamp="2025-03-20T01:11:57 IST">
  <testcase classname="InventoryTest.AddlowestPriceTocart" name="tc_002_addlowestPriceProductTocart" time="1.291"/>
</testsuite> <!-- Test-Runner-2 -->
