<?xml version="1.0" encoding="UTF-8"?>
<!-- Generated by org.testng.reporters.JUnitReportReporter -->
<testsuite hostname="DESKTOP-GURU-NATIKAR" failures="0" tests="2" name="InventoryTest.AddPrpoductTocartTest" time="2.042" errors="0" timestamp="2025-03-20T01:11:57 IST" skipped="0">
  <testcase classname="InventoryTest.AddPrpoductTocartTest" name="Preactise" time="0.915"/>
  <system-out/>
  <testcase classname="InventoryTest.AddPrpoductTocartTest" name="tc_001_addproductToCart" time="1.127"/>
  <system-out/>
</testsuite> <!-- InventoryTest.AddPrpoductTocartTest -->
