<?xml version="1.0" encoding="UTF-8"?>
<!-- Generated by org.testng.reporters.JUnitReportReporter -->
<testsuite hostname="DESKTOP-GURU-NATIKAR" failures="0" tests="1" name="InventoryTest.AddlowestPriceTocart" time="1.018" errors="0" timestamp="2025-03-10T02:32:32 IST" skipped="0">
  <testcase classname="InventoryTest.AddlowestPriceTocart" name="tc_002_addlowestPriceProductTocart" time="1.018"/>
  <system-out/>
</testsuite> <!-- InventoryTest.AddlowestPriceTocart -->
