<?xml version="1.0" encoding="UTF-8"?>
<!-- Generated by org.testng.reporters.JUnitReportReporter -->
<testsuite hostname="DESKTOP-GURU-NATIKAR" failures="0" tests="4" name="practice.TestNgPractice" time="10.794" errors="0" timestamp="2025-03-04T14:37:57 IST" skipped="0">
  <testcase classname="practice.TestNgPractice" name="cricbuzz" time="7.618"/>
  <system-out>
    <![CDATA[criccbuzz got executed]]>
  </system-out>
  <testcase classname="practice.TestNgPractice" name="swaglabs" time="3.168"/>
  <system-out>
    <![CDATA[swaglabs can be executed]]>
  </system-out>
  <testcase classname="practice.TestNgPractice" name="simple" time="0.003"/>
  <system-out/>
  <testcase classname="practice.TestNgPractice" name="practical" time="0.005"/>
  <system-out/>
</testsuite> <!-- practice.TestNgPractice -->
