<?xml version="1.0" encoding="UTF-8"?>
<!-- Generated by org.testng.reporters.JUnitReportReporter -->
<testsuite hostname="DESKTOP-GURU-NATIKAR" failures="0" tests="1" name="InventoryTest.AddlowestPriceTocart" time="2.102" errors="0" timestamp="2025-03-20T01:11:57 IST" skipped="0">
  <testcase classname="InventoryTest.AddlowestPriceTocart" name="tc_002_addlowestPriceProductTocart" time="2.102"/>
  <system-out/>
</testsuite> <!-- InventoryTest.AddlowestPriceTocart -->
