<?xml version="1.0" encoding="UTF-8"?>
<!-- Generated by org.testng.reporters.JUnitReportReporter -->
<testsuite hostname="DESKTOP-GURU-NATIKAR" failures="0" tests="3" name="practice.Dependsonmethods" time="0.008" errors="0" timestamp="2025-03-04T14:37:57 IST" skipped="0">
  <testcase classname="practice.Dependsonmethods" name="EditAccount" time="0.006"/>
  <system-out>
    <![CDATA[account edited successfully]]>
  </system-out>
  <testcase classname="practice.Dependsonmethods" name="DeleteAccount" time="0.002"/>
  <system-out>
    <![CDATA[account deleted succefulyy]]>
  </system-out>
  <testcase classname="practice.Dependsonmethods" name="createAccount" time="0.000"/>
  <system-out>
    <![CDATA[account created successsfully]]>
  </system-out>
</testsuite> <!-- practice.Dependsonmethods -->
